<?xml version="1.0" encoding="UTF-8"?>
<!-- Generated by org.testng.reporters.JUnitReportReporter -->
<testsuite hostname="CAN_REN_0013" failures="0" tests="1" name="testCases.Click_Top__Navigation_Button" time="11.936" errors="0" timestamp="2024-11-19T11:48:02 IST" skipped="0">
  <testcase classname="testCases.Click_Top__Navigation_Button" name="clickTopBtn" time="11.936"/>
</testsuite> <!-- testCases.Click_Top__Navigation_Button -->
