<?xml version="1.0" encoding="UTF-8"?>
<!-- Generated by org.testng.reporters.JUnitReportReporter -->
<testsuite hostname="CAN_REN_0013" failures="0" tests="1" name="testCases.Click_All_Service_Options" time="26.699" errors="0" timestamp="2024-11-19T11:48:02 IST" skipped="0">
  <testcase classname="testCases.Click_All_Service_Options" name="serviceOptions" time="26.699"/>
</testsuite> <!-- testCases.Click_All_Service_Options -->
