<?xml version="1.0" encoding="UTF-8"?>
<!-- Generated by org.testng.reporters.JUnitReportReporter -->
<testsuite hostname="CAN_REN_0013" failures="0" tests="1" name="testCases.Contact_Page_InputDetails" time="24.781" errors="0" timestamp="2024-11-19T11:48:03 IST" skipped="0">
  <testcase classname="testCases.Contact_Page_InputDetails" name="contactInput" time="24.781"/>
</testsuite> <!-- testCases.Contact_Page_InputDetails -->
