<?xml version="1.0" encoding="UTF-8"?>
<!-- Generated by org.testng.reporters.JUnitReportReporter -->
<testsuite hostname="CAN_REN_0013" failures="0" tests="1" name="testCases.Click_All_Industries_Options" time="17.486" errors="0" timestamp="2024-11-19T11:48:03 IST" skipped="0">
  <testcase classname="testCases.Click_All_Industries_Options" name="clickIndustriesBtn" time="17.486"/>
</testsuite> <!-- testCases.Click_All_Industries_Options -->
