<?xml version="1.0" encoding="UTF-8"?>
<!-- Generated by org.testng.reporters.JUnitReportReporter -->
<testsuite hostname="CAN_REN_0013" failures="0" tests="1" name="testCases.Click_Careers_Page_Input" time="2.254" errors="0" timestamp="2024-11-19T11:48:02 IST" skipped="0">
  <testcase classname="testCases.Click_Careers_Page_Input" name="clickCareers" time="2.254"/>
</testsuite> <!-- testCases.Click_Careers_Page_Input -->
